2024-12-18 16:09:10.176 [main] DEBUG org.apache.poi.openxml4j.opc.PackageRelationshipCollection - Parsing relationship: /_rels/.rels
2024-12-18 16:09:10.202 [main] DEBUG org.apache.poi.openxml4j.opc.PackageRelationshipCollection - Parsing relationship: /xl/_rels/workbook.xml.rels
2024-12-18 16:09:10.202 [main] DEBUG org.apache.poi.openxml4j.opc.PackageRelationshipCollection - Parsing relationship: /xl/worksheets/_rels/sheet1.xml.rels
2024-12-18 16:09:10.202 [main] DEBUG org.apache.poi.openxml4j.opc.PackageRelationshipCollection - Parsing relationship: /_rels/.rels
2024-12-18 16:09:10.234 [main] INFO  testCases.TC003_LoginDataDrivenTest - ***** Started Testing TC003_LoginDataDrivenTest *****
2024-12-18 16:09:10.234 [main] INFO  testCases.TC003_LoginDataDrivenTest - ---- Clicked Account ----
2024-12-18 16:09:10.360 [main] INFO  testCases.TC003_LoginDataDrivenTest - ---- Clicked Login ----
2024-12-18 16:09:10.753 [main] INFO  testCases.TC003_LoginDataDrivenTest - ---- Set Username & Password ----
2024-12-18 16:09:11.865 [main] INFO  testCases.TC003_LoginDataDrivenTest - ---- Checked Account Heading ----
2024-12-18 16:09:21.888 [main] INFO  testCases.TC003_LoginDataDrivenTest - ---- Validation ----
2024-12-18 16:09:22.019 [main] INFO  testCases.TC003_LoginDataDrivenTest - ***** Started Testing TC003_LoginDataDrivenTest *****
2024-12-18 16:09:22.019 [main] INFO  testCases.TC003_LoginDataDrivenTest - ---- Clicked Account ----
2024-12-18 16:09:22.129 [main] INFO  testCases.TC003_LoginDataDrivenTest - ---- Clicked Login ----
2024-12-18 16:09:22.575 [main] INFO  testCases.TC003_LoginDataDrivenTest - ---- Set Username & Password ----
2024-12-18 16:09:23.445 [main] INFO  testCases.TC003_LoginDataDrivenTest - ---- Checked Account Heading ----
2024-12-18 16:09:33.476 [main] INFO  testCases.TC003_LoginDataDrivenTest - ---- Validation ----
2024-12-18 16:09:33.492 [main] INFO  testCases.TC003_LoginDataDrivenTest - ***** Started Testing TC003_LoginDataDrivenTest *****
2024-12-18 16:09:33.492 [main] INFO  testCases.TC003_LoginDataDrivenTest - ---- Clicked Account ----
2024-12-18 16:09:33.633 [main] INFO  testCases.TC003_LoginDataDrivenTest - ---- Clicked Login ----
2024-12-18 16:09:34.260 [main] INFO  testCases.TC003_LoginDataDrivenTest - ---- Set Username & Password ----
2024-12-18 16:09:34.928 [main] INFO  testCases.TC003_LoginDataDrivenTest - ---- Checked Account Heading ----
2024-12-18 16:09:44.992 [main] INFO  testCases.TC003_LoginDataDrivenTest - ---- Validation ----
2024-12-18 16:09:44.992 [main] INFO  testCases.TC003_LoginDataDrivenTest - ***** Started Testing TC003_LoginDataDrivenTest *****
2024-12-18 16:09:44.992 [main] INFO  testCases.TC003_LoginDataDrivenTest - ---- Clicked Account ----
2024-12-18 16:09:45.104 [main] INFO  testCases.TC003_LoginDataDrivenTest - ---- Clicked Login ----
2024-12-18 16:09:45.730 [main] INFO  testCases.TC003_LoginDataDrivenTest - ---- Set Username & Password ----
2024-12-18 16:09:46.698 [main] INFO  testCases.TC003_LoginDataDrivenTest - ---- Checked Account Heading ----
2024-12-18 16:09:56.765 [main] INFO  testCases.TC003_LoginDataDrivenTest - ---- Validation ----
2024-12-18 16:09:56.765 [main] INFO  testCases.TC003_LoginDataDrivenTest - ***** Started Testing TC003_LoginDataDrivenTest *****
2024-12-18 16:09:56.765 [main] INFO  testCases.TC003_LoginDataDrivenTest - ---- Clicked Account ----
2024-12-18 16:09:56.910 [main] INFO  testCases.TC003_LoginDataDrivenTest - ---- Clicked Login ----
2024-12-18 16:09:57.524 [main] INFO  testCases.TC003_LoginDataDrivenTest - ---- Set Username & Password ----
2024-12-18 16:09:58.502 [main] INFO  testCases.TC003_LoginDataDrivenTest - ---- Checked Account Heading ----
2024-12-18 16:09:58.567 [main] INFO  testCases.TC003_LoginDataDrivenTest - ---- Validation ----
